[14:15:52] [ServerMain/INFO]: Environment: Environment[sessionHost=https://sessionserver.mojang.com, servicesHost=https://api.minecraftservices.com, name=PROD]
[14:15:53] [ServerMain/INFO]: Loaded 1290 recipes
[14:15:54] [ServerMain/INFO]: Loaded 1399 advancements
[14:15:54] [Server thread/INFO]: Starting minecraft server version 1.21
[14:15:54] [Server thread/INFO]: Loading properties
[14:15:54] [Server thread/INFO]: Default game type: SURVIVAL
[14:15:54] [Server thread/INFO]: Generating keypair
[14:15:54] [Server thread/INFO]: Starting Minecraft server on *:25565
[14:15:54] [Server thread/INFO]: Using epoll channel type
[14:15:54] [Server thread/INFO]: Preparing level "world"
[14:15:56] [Server thread/INFO]: Preparing start region for dimension minecraft:overworld
[14:15:56] [Worker-Main-1/INFO]: Preparing spawn area: 0%
[14:15:57] [Server thread/INFO]: Time elapsed: 525 ms
[14:15:57] [Server thread/INFO]: Done (2.311s)! For help, type "help"
[14:15:57] [Server thread/INFO]: Starting remote control listener
[14:15:57] [Server thread/INFO]: Thread RCON Listener started
[14:15:57] [Server thread/INFO]: RCON running on 0.0.0.0:25575
[15:23:31] [RCON Listener #1/INFO]: Thread RCON Client /0:0:0:0:0:0:0:1 started
[15:23:31] [Server thread/INFO]: [Rcon: Stopping the server]
[15:23:31] [RCON Client /0:0:0:0:0:0:0:1 #2/INFO]: Thread RCON Client /0:0:0:0:0:0:0:1 shutting down
[15:23:31] [Server thread/INFO]: Stopping server
[15:23:31] [Server thread/INFO]: Saving players
[15:23:31] [Server thread/INFO]: Saving worlds
[15:23:32] [Server thread/INFO]: Saving chunks for level 'ServerLevel[world]'/minecraft:overworld
[15:23:32] [Server thread/INFO]: Saving chunks for level 'ServerLevel[world]'/minecraft:the_end
[15:23:32] [Server thread/INFO]: Saving chunks for level 'ServerLevel[world]'/minecraft:the_nether
[15:23:32] [Server thread/INFO]: ThreadedAnvilChunkStorage (world): All chunks are saved
[15:23:32] [Server thread/INFO]: ThreadedAnvilChunkStorage (DIM1): All chunks are saved
[15:23:32] [Server thread/INFO]: ThreadedAnvilChunkStorage (DIM-1): All chunks are saved
[15:23:32] [Server thread/INFO]: ThreadedAnvilChunkStorage: All dimensions are saved
[15:23:32] [Server thread/INFO]: Thread RCON Listener stopped
